The system is: Windows - 10.0.19041 - AMD64
Compiling the C compiler identification source file "CMakeCCompilerId.c" succeeded.
Compiler: D:/ProgramFiles/VisualStudio/VC/Tools/MSVC/14.28.29910/bin/Hostx64/x64/cl.exe 
Build flags: 
Id flags:  

The output was:
0
Microsoft (R) C/C++ Optimizing Compiler Version 19.28.29913 for x64
Copyright (C) Microsoft Corporation.  All rights reserved.

CMakeCCompilerId.c
Microsoft (R) Incremental Linker Version 14.28.29913.0
Copyright (C) Microsoft Corporation.  All rights reserved.

/out:CMakeCCompilerId.exe 
CMakeCCompilerId.obj 


Compilation of the C compiler identification source "CMakeCCompilerId.c" produced "CMakeCCompilerId.exe"

Compilation of the C compiler identification source "CMakeCCompilerId.c" produced "CMakeCCompilerId.obj"

The C compiler identification is MSVC, found in "C:/Users/Barbara/Desktop/Piano Booster Code/src/out/build/x64-Debug/CMakeFiles/3.19.20122902-MSVC_2/CompilerIdC/CMakeCCompilerId.exe"

Compiling the CXX compiler identification source file "CMakeCXXCompilerId.cpp" succeeded.
Compiler: D:/ProgramFiles/VisualStudio/VC/Tools/MSVC/14.28.29910/bin/Hostx64/x64/cl.exe 
Build flags: 
Id flags:  

The output was:
0
Microsoft (R) C/C++ Optimizing Compiler Version 19.28.29913 for x64
Copyright (C) Microsoft Corporation.  All rights reserved.

CMakeCXXCompilerId.cpp
Microsoft (R) Incremental Linker Version 14.28.29913.0
Copyright (C) Microsoft Corporation.  All rights reserved.

/out:CMakeCXXCompilerId.exe 
CMakeCXXCompilerId.obj 


Compilation of the CXX compiler identification source "CMakeCXXCompilerId.cpp" produced "CMakeCXXCompilerId.exe"

Compilation of the CXX compiler identification source "CMakeCXXCompilerId.cpp" produced "CMakeCXXCompilerId.obj"

The CXX compiler identification is MSVC, found in "C:/Users/Barbara/Desktop/Piano Booster Code/src/out/build/x64-Debug/CMakeFiles/3.19.20122902-MSVC_2/CompilerIdCXX/CMakeCXXCompilerId.exe"

Detecting C compiler ABI info compiled with the following output:
Change Dir: C:/Users/Barbara/Desktop/Piano Booster Code/src/out/build/x64-Debug/CMakeFiles/CMakeTmp

Run Build Command(s):D:\PROGRAMFILES\VISUALSTUDIO\COMMON7\IDE\COMMONEXTENSIONS\MICROSOFT\CMAKE\Ninja\ninja.exe cmTC_0ed36 && [1/2] Building C object CMakeFiles\cmTC_0ed36.dir\CMakeCCompilerABI.c.obj
[2/2] Linking C executable cmTC_0ed36.exe



Detecting CXX compiler ABI info compiled with the following output:
Change Dir: C:/Users/Barbara/Desktop/Piano Booster Code/src/out/build/x64-Debug/CMakeFiles/CMakeTmp

Run Build Command(s):D:\PROGRAMFILES\VISUALSTUDIO\COMMON7\IDE\COMMONEXTENSIONS\MICROSOFT\CMAKE\Ninja\ninja.exe cmTC_44f99 && [1/2] Building CXX object CMakeFiles\cmTC_44f99.dir\CMakeCXXCompilerABI.cpp.obj
[2/2] Linking CXX executable cmTC_44f99.exe



